<?xml version="1.0" encoding="UTF-8"?>
<testsuite xmlns:xsi="http://www.w3.org/2001/XMLSchema-instance" xsi:noNamespaceSchemaLocation="https://maven.apache.org/surefire/maven-surefire-plugin/xsd/surefire-test-report-3.0.xsd" version="3.0" name="com.selop.PackageScannerTest" time="0.06" tests="5" errors="0" skipped="0" failures="0">
  <properties>
[...]
</properties>
  <testcase name="beanListSingletonNotNull" classname="com.selop.PackageScannerTest" time="0.042">
    <system-err><![CDATA[[main] INFO org.reflections.Reflections - Reflections took 20 ms to scan 1 urls, producing 6 keys and 25 values
[main] INFO com.selop.container.PackageScanner - Bean : CircularDepChild with @Name annotation is registered.
[main] INFO com.selop.container.PackageScanner - Singleton-Bean : com.selop.beans.subpackage.CircularDepChild with @Singleton annotation registered.
[main] INFO com.selop.container.PackageScanner - Bean : CircularDepBean with @Name annotation is registered.
[main] INFO com.selop.container.PackageScanner - Singleton-Bean : com.selop.beans.subpackage.CircularDepBean with @Singleton annotation registered.
[main] INFO com.selop.container.PackageScanner - Bean : CircularDepParent with @Name annotation is registered.
[main] INFO com.selop.container.PackageScanner - Singleton-Bean : com.selop.beans.subpackage.CircularDepParent with @Singleton annotation registered.
[main] INFO com.selop.container.PackageScanner - Bean : Subpackage with @Name annotation is registered.
[main] INFO com.selop.container.PackageScanner - Singleton-Bean : com.selop.beans.subpackage.SubpackageBean2 with @Singleton annotation registered.
[main] INFO com.selop.container.PackageScanner - Bean : SubpackageBean with @Name annotation is registered.
[main] INFO com.selop.container.PackageScanner - Singleton-Bean : com.selop.beans.subpackage.SubpackageBean with @Singleton annotation registered.
[main] INFO com.selop.container.PackageScanner - Bean : Parent with @Name annotation is registered.
[main] INFO com.selop.container.PackageScanner - Singleton-Bean : com.selop.beans.Parent with @Singleton annotation registered.
[main] INFO com.selop.container.PackageScanner - Bean : Child with @Name annotation is registered.
[main] INFO com.selop.container.PackageScanner - Singleton-Bean : com.selop.beans.Child with @Singleton annotation registered.
]]></system-err>
  </testcase>
  <testcase name="checkCountOfFoundBeansWithNamedAnnotations" classname="com.selop.PackageScannerTest" time="0.005">
    <system-err><![CDATA[[main] INFO org.reflections.Reflections - Reflections took 3 ms to scan 1 urls, producing 6 keys and 25 values
[main] INFO com.selop.container.PackageScanner - Bean : CircularDepChild with @Name annotation is registered.
[main] INFO com.selop.container.PackageScanner - Singleton-Bean : com.selop.beans.subpackage.CircularDepChild with @Singleton annotation registered.
[main] INFO com.selop.container.PackageScanner - Bean : CircularDepBean with @Name annotation is registered.
[main] INFO com.selop.container.PackageScanner - Singleton-Bean : com.selop.beans.subpackage.CircularDepBean with @Singleton annotation registered.
[main] INFO com.selop.container.PackageScanner - Bean : CircularDepParent with @Name annotation is registered.
[main] INFO com.selop.container.PackageScanner - Singleton-Bean : com.selop.beans.subpackage.CircularDepParent with @Singleton annotation registered.
[main] INFO com.selop.container.PackageScanner - Bean : Subpackage with @Name annotation is registered.
[main] INFO com.selop.container.PackageScanner - Singleton-Bean : com.selop.beans.subpackage.SubpackageBean2 with @Singleton annotation registered.
[main] INFO com.selop.container.PackageScanner - Bean : SubpackageBean with @Name annotation is registered.
[main] INFO com.selop.container.PackageScanner - Singleton-Bean : com.selop.beans.subpackage.SubpackageBean with @Singleton annotation registered.
[main] INFO com.selop.container.PackageScanner - Bean : Parent with @Name annotation is registered.
[main] INFO com.selop.container.PackageScanner - Singleton-Bean : com.selop.beans.Parent with @Singleton annotation registered.
[main] INFO com.selop.container.PackageScanner - Bean : Child with @Name annotation is registered.
[main] INFO com.selop.container.PackageScanner - Singleton-Bean : com.selop.beans.Child with @Singleton annotation registered.
]]></system-err>
  </testcase>
  <testcase name="checkCountOfFoundBeansWithSingletonAnnotations" classname="com.selop.PackageScannerTest" time="0.005">
    <system-err><![CDATA[[main] INFO org.reflections.Reflections - Reflections took 3 ms to scan 1 urls, producing 6 keys and 25 values
[main] INFO com.selop.container.PackageScanner - Bean : CircularDepChild with @Name annotation is registered.
[main] INFO com.selop.container.PackageScanner - Singleton-Bean : com.selop.beans.subpackage.CircularDepChild with @Singleton annotation registered.
[main] INFO com.selop.container.PackageScanner - Bean : CircularDepBean with @Name annotation is registered.
[main] INFO com.selop.container.PackageScanner - Singleton-Bean : com.selop.beans.subpackage.CircularDepBean with @Singleton annotation registered.
[main] INFO com.selop.container.PackageScanner - Bean : CircularDepParent with @Name annotation is registered.
[main] INFO com.selop.container.PackageScanner - Singleton-Bean : com.selop.beans.subpackage.CircularDepParent with @Singleton annotation registered.
[main] INFO com.selop.container.PackageScanner - Bean : Subpackage with @Name annotation is registered.
[main] INFO com.selop.container.PackageScanner - Singleton-Bean : com.selop.beans.subpackage.SubpackageBean2 with @Singleton annotation registered.
[main] INFO com.selop.container.PackageScanner - Bean : SubpackageBean with @Name annotation is registered.
[main] INFO com.selop.container.PackageScanner - Singleton-Bean : com.selop.beans.subpackage.SubpackageBean with @Singleton annotation registered.
[main] INFO com.selop.container.PackageScanner - Bean : Parent with @Name annotation is registered.
[main] INFO com.selop.container.PackageScanner - Singleton-Bean : com.selop.beans.Parent with @Singleton annotation registered.
[main] INFO com.selop.container.PackageScanner - Bean : Child with @Name annotation is registered.
[main] INFO com.selop.container.PackageScanner - Singleton-Bean : com.selop.beans.Child with @Singleton annotation registered.
]]></system-err>
  </testcase>
  <testcase name="beanListNamedNotNull" classname="com.selop.PackageScannerTest" time="0.003">
    <system-err><![CDATA[[main] INFO org.reflections.Reflections - Reflections took 2 ms to scan 1 urls, producing 6 keys and 25 values
[main] INFO com.selop.container.PackageScanner - Bean : CircularDepChild with @Name annotation is registered.
[main] INFO com.selop.container.PackageScanner - Singleton-Bean : com.selop.beans.subpackage.CircularDepChild with @Singleton annotation registered.
[main] INFO com.selop.container.PackageScanner - Bean : CircularDepBean with @Name annotation is registered.
[main] INFO com.selop.container.PackageScanner - Singleton-Bean : com.selop.beans.subpackage.CircularDepBean with @Singleton annotation registered.
[main] INFO com.selop.container.PackageScanner - Bean : CircularDepParent with @Name annotation is registered.
[main] INFO com.selop.container.PackageScanner - Singleton-Bean : com.selop.beans.subpackage.CircularDepParent with @Singleton annotation registered.
[main] INFO com.selop.container.PackageScanner - Bean : Subpackage with @Name annotation is registered.
[main] INFO com.selop.container.PackageScanner - Singleton-Bean : com.selop.beans.subpackage.SubpackageBean2 with @Singleton annotation registered.
[main] INFO com.selop.container.PackageScanner - Bean : SubpackageBean with @Name annotation is registered.
[main] INFO com.selop.container.PackageScanner - Singleton-Bean : com.selop.beans.subpackage.SubpackageBean with @Singleton annotation registered.
[main] INFO com.selop.container.PackageScanner - Bean : Parent with @Name annotation is registered.
[main] INFO com.selop.container.PackageScanner - Singleton-Bean : com.selop.beans.Parent with @Singleton annotation registered.
[main] INFO com.selop.container.PackageScanner - Bean : Child with @Name annotation is registered.
[main] INFO com.selop.container.PackageScanner - Singleton-Bean : com.selop.beans.Child with @Singleton annotation registered.
]]></system-err>
  </testcase>
  <testcase name="scannerNotNull" classname="com.selop.PackageScannerTest" time="0.003">
    <system-err><![CDATA[[main] INFO org.reflections.Reflections - Reflections took 2 ms to scan 1 urls, producing 6 keys and 25 values
[main] INFO com.selop.container.PackageScanner - Bean : CircularDepChild with @Name annotation is registered.
[main] INFO com.selop.container.PackageScanner - Singleton-Bean : com.selop.beans.subpackage.CircularDepChild with @Singleton annotation registered.
[main] INFO com.selop.container.PackageScanner - Bean : CircularDepBean with @Name annotation is registered.
[main] INFO com.selop.container.PackageScanner - Singleton-Bean : com.selop.beans.subpackage.CircularDepBean with @Singleton annotation registered.
[main] INFO com.selop.container.PackageScanner - Bean : CircularDepParent with @Name annotation is registered.
[main] INFO com.selop.container.PackageScanner - Singleton-Bean : com.selop.beans.subpackage.CircularDepParent with @Singleton annotation registered.
[main] INFO com.selop.container.PackageScanner - Bean : Subpackage with @Name annotation is registered.
[main] INFO com.selop.container.PackageScanner - Singleton-Bean : com.selop.beans.subpackage.SubpackageBean2 with @Singleton annotation registered.
[main] INFO com.selop.container.PackageScanner - Bean : SubpackageBean with @Name annotation is registered.
[main] INFO com.selop.container.PackageScanner - Singleton-Bean : com.selop.beans.subpackage.SubpackageBean with @Singleton annotation registered.
[main] INFO com.selop.container.PackageScanner - Bean : Parent with @Name annotation is registered.
[main] INFO com.selop.container.PackageScanner - Singleton-Bean : com.selop.beans.Parent with @Singleton annotation registered.
[main] INFO com.selop.container.PackageScanner - Bean : Child with @Name annotation is registered.
[main] INFO com.selop.container.PackageScanner - Singleton-Bean : com.selop.beans.Child with @Singleton annotation registered.
]]></system-err>
  </testcase>
</testsuite>